<?xml version="1.0" encoding="UTF-8"?>
<!-- Generated by org.testng.reporters.JUnitXMLReporter -->
<testsuite ignored="0" hostname="MacBook-Air-de-Jorge.local" failures="4" tests="13" name="Surefire test" time="0.391" errors="0" timestamp="2021-12-16T19:18:13 PET">
  <testcase classname="PrincipalTest" name="calculate_average_grade_given_different_exam_grades_and_attending_the_minimum_classes" time="0.098">
    <failure type="java.lang.AssertionError" message="expected [6.0] but found [5.0]">
      <![CDATA[java.lang.AssertionError: expected [6.0] but found [5.0]
at PrincipalTest.calculate_average_grade_given_different_exam_grades_and_attending_the_minimum_classes(PrincipalTest.java:46)
at java.base/java.util.ArrayList.forEach(ArrayList.java:1511)
... Removed 36 stack frames]]>
    </failure>
  </testcase> <!-- calculate_average_grade_given_different_exam_grades_and_attending_the_minimum_classes -->
  <testcase classname="PrincipalTest" name="calculate_same_grade_given_one_single_exam_and_attending_the_minimum_classes" time="0.001">
    <failure type="java.lang.AssertionError" message="expected [6.0] but found [5.0]">
      <![CDATA[java.lang.AssertionError: expected [6.0] but found [5.0]
at PrincipalTest.calculate_same_grade_given_one_single_exam_and_attending_the_minimum_classes(PrincipalTest.java:25)
at java.base/java.util.ArrayList.forEach(ArrayList.java:1511)
... Removed 36 stack frames]]>
    </failure>
  </testcase> <!-- calculate_same_grade_given_one_single_exam_and_attending_the_minimum_classes -->
  <testcase classname="PrincipalTest" name="fail_given_different_exam_grades_but_not_attending_the_minimum_classes" time="0.001"/>
  <testcase classname="PrincipalTest" name="fail_given_odd_exam_grades_but_attending_the_minimum_classes" time="0.0"/>
  <testcase classname="PrincipalTest" name="fail_given_one_single_exam_but_not_attending_the_minimum_classes" time="0.003"/>
  <testcase classname="PrincipalTest" name="fail_given_there_are_no_exams" time="0.001"/>
  <testcase classname="PrincipalTest" name="fail_when_there_are_no_exams_and_has_not_attended_the_minimum_classes" time="0.0"/>
  <testcase classname="PrincipalTest" name="increase_one_extra_point_if_there_is_any_benevolent_teacher_in_the_year_to_calculate_grades" time="0.001"/>
  <testcase classname="PrincipalTest" name="maintain_10_as_the_maximum_grade_even_if_increasing_one_extra_point" time="0.002"/>
  <testcase classname="PrincipalTest" name="not_increase_one_extra_point_if_there_is_not_any_benevolent_teacher_in_the_year_to_calculate_grades" time="0.001">
    <failure type="java.lang.AssertionError" message="expected [10.0] but found [9.8]">
      <![CDATA[java.lang.AssertionError: expected [10.0] but found [9.8]
at PrincipalTest.not_increase_one_extra_point_if_there_is_not_any_benevolent_teacher_in_the_year_to_calculate_grades(PrincipalTest.java:152)
at java.base/java.util.ArrayList.forEach(ArrayList.java:1511)
... Removed 36 stack frames]]>
    </failure>
  </testcase> <!-- not_increase_one_extra_point_if_there_is_not_any_benevolent_teacher_in_the_year_to_calculate_grades -->
  <testcase classname="PrincipalTest" name="round_up_to_2_decimals_given_odd_exam_grades_and_attending_the_minimum_classes" time="0.001">
    <failure type="java.lang.AssertionError" message="expected [5.5] but found [4.5]">
      <![CDATA[java.lang.AssertionError: expected [5.5] but found [4.5]
at PrincipalTest.round_up_to_2_decimals_given_odd_exam_grades_and_attending_the_minimum_classes(PrincipalTest.java:59)
at java.base/java.util.ArrayList.forEach(ArrayList.java:1511)
... Removed 36 stack frames]]>
    </failure>
  </testcase> <!-- round_up_to_2_decimals_given_odd_exam_grades_and_attending_the_minimum_classes -->
  <testcase classname="PrincipalTest" name="validate_all_exam_grades_weight_below_100" time="0.0"/>
  <testcase classname="PrincipalTest" name="validate_all_exam_grades_weight_over_100" time="0.0"/>
</testsuite> <!-- Surefire test -->
